<?xml version="1.0" encoding="UTF-8"?>
<!-- Generated by org.testng.reporters.JUnitReportReporter -->
<testsuite hostname="sanketlaptop-Latitude-3520" failures="0" tests="4" name="com.myproj.testcases.AddCustomerTest" time="1.250" errors="0" timestamp="2023-04-26T20:41:57 IST" skipped="0">
  <testcase classname="com.myproj.testcases.AddCustomerTest" name="addCustomer" time="0.527"/>
  <system-out/>
  <testcase classname="com.myproj.testcases.AddCustomerTest" name="addCustomer" time="0.249"/>
  <system-out/>
  <testcase classname="com.myproj.testcases.AddCustomerTest" name="addCustomer" time="0.238"/>
  <system-out/>
  <testcase classname="com.myproj.testcases.AddCustomerTest" name="addCustomer" time="0.236"/>
  <system-out/>
</testsuite> <!-- com.myproj.testcases.AddCustomerTest -->
