<?xml version="1.0" encoding="UTF-8"?>
<!-- Generated by org.testng.reporters.JUnitReportReporter -->
<testsuite hostname="sanketlaptop-Latitude-3520" failures="0" tests="4" name="com.myproj.testcases.AddCustomerTest" time="0.938" errors="0" timestamp="2023-05-01T16:15:45 IST" skipped="2">
  <testcase classname="com.myproj.testcases.AddCustomerTest" name="addCustomer" time="0.725"/>
  <system-out/>
  <testcase classname="com.myproj.testcases.AddCustomerTest" name="addCustomer" time="0.002">
    <skipped/>
  </testcase> <!-- addCustomer -->
  <system-out/>
  <testcase classname="com.myproj.testcases.AddCustomerTest" name="addCustomer" time="0.209"/>
  <system-out/>
  <testcase classname="com.myproj.testcases.AddCustomerTest" name="addCustomer" time="0.002">
    <skipped/>
  </testcase> <!-- addCustomer -->
  <system-out/>
</testsuite> <!-- com.myproj.testcases.AddCustomerTest -->
