<?xml version="1.0" encoding="UTF-8"?>
<!-- Generated by org.testng.reporters.JUnitReportReporter -->
<testsuite hostname="sanketlaptop-Latitude-3520" failures="0" tests="1" name="com.myproj.testcases.AddCustomerTest" time="0.642" errors="0" timestamp="2023-03-11T23:23:13 IST" skipped="0">
  <testcase classname="com.myproj.testcases.AddCustomerTest" name="addCustomer" time="0.642"/>
  <system-out/>
</testsuite> <!-- com.myproj.testcases.AddCustomerTest -->
