<?xml version="1.0" encoding="UTF-8"?>
<!-- Generated by org.testng.reporters.JUnitReportReporter -->
<testsuite hostname="sanketlaptop-Latitude-3520" failures="0" tests="1" name="com.myproj.testcases.LoginTest" time="3.092" errors="0" timestamp="2023-03-05T10:10:30 IST" skipped="0">
  <testcase classname="com.myproj.testcases.LoginTest" name="loginAsBankManager" time="3.092"/>
  <system-out/>
</testsuite> <!-- com.myproj.testcases.LoginTest -->
