<?xml version="1.0" encoding="UTF-8"?>
<!-- Generated by org.testng.reporters.JUnitReportReporter -->
<testsuite hostname="sanketlaptop-Latitude-3520" failures="0" tests="1" name="com.myproj.testcases.BankManagerLoginTest" time="0.262" errors="0" timestamp="2023-04-29T23:26:23 IST" skipped="0">
  <testcase classname="com.myproj.testcases.BankManagerLoginTest" name="loginAsBankManager" time="0.262"/>
  <system-out/>
</testsuite> <!-- com.myproj.testcases.BankManagerLoginTest -->
