<?xml version="1.0" encoding="UTF-8"?>
<!-- Generated by org.testng.reporters.JUnitReportReporter -->
<testsuite hostname="sanketlaptop-Latitude-3520" failures="0" tests="4" name="com.myproj.testcases.AddCustomerTest" time="0.819" errors="0" timestamp="2023-04-29T23:26:23 IST" skipped="2">
  <testcase classname="com.myproj.testcases.AddCustomerTest" name="addCustomer" time="0.002">
    <skipped/>
  </testcase> <!-- addCustomer -->
  <system-out/>
  <testcase classname="com.myproj.testcases.AddCustomerTest" name="addCustomer" time="0.298"/>
  <system-out/>
  <testcase classname="com.myproj.testcases.AddCustomerTest" name="addCustomer" time="0.001">
    <skipped/>
  </testcase> <!-- addCustomer -->
  <system-out/>
  <testcase classname="com.myproj.testcases.AddCustomerTest" name="addCustomer" time="0.518"/>
  <system-out/>
</testsuite> <!-- com.myproj.testcases.AddCustomerTest -->
