<?xml version="1.0" encoding="UTF-8"?>
<!-- Generated by org.testng.reporters.JUnitReportReporter -->
<testsuite hostname="sanketlaptop-Latitude-3520" failures="0" tests="1" name="com.myproj.testcases.BankManagerLoginTest" time="3.239" errors="0" timestamp="2023-04-13T00:18:41 IST" skipped="0">
  <testcase classname="com.myproj.testcases.BankManagerLoginTest" name="loginAsBankManager" time="3.239"/>
  <system-out>
    <![CDATA[Login Successfully Executed
<a target="_blank" href=/home/sanket-laptop/Desktop/List.png>Screenshot</a>
<a target="_blank" href=/home/sanket-laptop/Desktop/List.png/s><img src=""></img></a>]]>
  </system-out>
</testsuite> <!-- com.myproj.testcases.BankManagerLoginTest -->
