<?xml version="1.0" encoding="UTF-8"?>
<!-- Generated by org.testng.reporters.JUnitReportReporter -->
<testsuite hostname="sanketlaptop-Latitude-3520" failures="0" tests="1" name="com.myproj.testcases.OpenAccountTest" time="0.621" errors="0" timestamp="2023-05-01T16:15:45 IST" skipped="0">
  <testcase classname="com.myproj.testcases.OpenAccountTest" name="openAccountTest" time="0.621"/>
  <system-out/>
</testsuite> <!-- com.myproj.testcases.OpenAccountTest -->
