<?xml version="1.0" encoding="UTF-8"?>
<!-- Generated by org.testng.reporters.JUnitReportReporter -->
<testsuite hostname="sanketlaptop-Latitude-3520" failures="0" tests="1" name="com.myproj.testcases.BankManagerLoginTest" time="0.176" errors="0" timestamp="2023-04-22T13:39:48 IST" skipped="0">
  <testcase classname="com.myproj.testcases.BankManagerLoginTest" name="loginAsBankManager" time="0.176"/>
  <system-out/>
</testsuite> <!-- com.myproj.testcases.BankManagerLoginTest -->
