<?xml version="1.0" encoding="UTF-8"?>
<!-- Generated by org.testng.reporters.JUnitReportReporter -->
<testsuite hostname="sanketlaptop-Latitude-3520" failures="0" tests="1" name="com.myproj.testcases.LoginTest" time="0.000" errors="0" timestamp="2023-03-03T10:55:21 IST" skipped="1">
  <testcase classname="com.myproj.testcases.LoginTest" name="loginAsBankManager" time="0.000">
    <skipped/>
  </testcase> <!-- loginAsBankManager -->
  <system-out/>
</testsuite> <!-- com.myproj.testcases.LoginTest -->
