<?xml version="1.0" encoding="UTF-8"?>
<!-- Generated by org.testng.reporters.JUnitReportReporter -->
<testsuite hostname="sanketlaptop-Latitude-3520" failures="0" tests="1" name="com.myproj.testcases.testcls" time="6.266" errors="0" timestamp="2023-04-26T18:13:38 IST" skipped="0">
  <testcase classname="com.myproj.testcases.testcls" name="sampleTest" time="6.266"/>
  <system-out/>
</testsuite> <!-- com.myproj.testcases.testcls -->
