<?xml version="1.0" encoding="UTF-8"?>
<!-- Generated by org.testng.reporters.JUnitReportReporter -->
<testsuite hostname="sanketlaptop-Latitude-3520" failures="0" tests="4" name="com.myproj.testcases.AddCustomerTest" time="1.325" errors="0" timestamp="2023-04-29T12:04:27 IST" skipped="0">
  <testcase classname="com.myproj.testcases.AddCustomerTest" name="addCustomer" time="0.264"/>
  <system-out/>
  <testcase classname="com.myproj.testcases.AddCustomerTest" name="addCustomer" time="0.248"/>
  <system-out/>
  <testcase classname="com.myproj.testcases.AddCustomerTest" name="addCustomer" time="0.246"/>
  <system-out/>
  <testcase classname="com.myproj.testcases.AddCustomerTest" name="addCustomer" time="0.567"/>
  <system-out/>
</testsuite> <!-- com.myproj.testcases.AddCustomerTest -->
