<?xml version="1.0" encoding="UTF-8"?>
<!-- Generated by org.testng.reporters.JUnitReportReporter -->
<testsuite hostname="sanketlaptop-Latitude-3520" failures="0" tests="1" name="com.myproj.testcases.BankManagerLoginTest" time="3.244" errors="0" timestamp="2023-03-09T23:14:58 IST" skipped="0">
  <testcase classname="com.myproj.testcases.BankManagerLoginTest" name="loginAsBankManager" time="3.244"/>
  <system-out/>
</testsuite> <!-- com.myproj.testcases.BankManagerLoginTest -->
