<?xml version="1.0" encoding="UTF-8"?>
<!-- Generated by org.testng.reporters.JUnitReportReporter -->
<testsuite hostname="sanketlaptop-Latitude-3520" failures="0" tests="1" name="com.myproj.testcases.AddCustomerTest" time="0.533" errors="0" timestamp="2023-03-09T23:14:58 IST" skipped="0">
  <testcase classname="com.myproj.testcases.AddCustomerTest" name="addCustomer" time="0.533"/>
  <system-out/>
</testsuite> <!-- com.myproj.testcases.AddCustomerTest -->
